<?xml version="1.0" encoding="UTF-8"?>
<!-- Generated by org.testng.reporters.JUnitReportReporter -->
<testsuite skipped="0" hostname="samarthpc" name="script.TestDemo" tests="1" failures="0" timestamp="26 Sep 2018 15:32:52 GMT" time="32.433" errors="0">
  <testcase name="testA" time="32.433" classname="script.TestDemo"/>
</testsuite> <!-- script.TestDemo -->
